<?xml version="1.0" encoding="UTF-8"?>
<!-- Generated by org.testng.reporters.JUnitXMLReporter -->
<testsuite ignored="0" hostname="CA020705Z2" failures="1" tests="8" name="Regression" time="69.973" errors="0" timestamp="13 May 2020 01:56:26 GMT">
  <testcase classname="test.LoginTest" name="testLogin" time="6.513"/>
  <testcase classname="test.LoginTest" name="testLogin" time="5.848"/>
  <testcase classname="test.LoginTest" name="testLogin" time="6.327"/>
  <testcase classname="testng.NewTest" name="tc05" time="0.003"/>
  <testcase classname="testng.NewTest" name="tc04" time="0.002">
    <failure type="java.lang.AssertionError" message="testcase fail">
      <![CDATA[java.lang.AssertionError: testcase fail
	at testng.NewTest.tc04(NewTest.java:27)
... Removed 25 stack frames]]>
    </failure>
  </testcase> <!-- tc04 -->
  <testcase classname="testng.NewTest" name="tc03" time="0.001"/>
  <testcase classname="testng.NewTest" name="tc02" time="0.001"/>
  <testcase classname="testng.NewTest" name="tc01" time="0.001"/>
</testsuite> <!-- Regression -->
