<?xml version="1.0" encoding="UTF-8"?>
<testng-results ignored="0" total="8" passed="7" failed="1" skipped="0">
  <reporter-output>
  </reporter-output>
  <suite started-at="2020-05-13T03:44:22Z" name="Suite1" finished-at="2020-05-13T03:45:42Z" duration-ms="80611">
    <groups>
    </groups>
    <test started-at="2020-05-13T03:44:22Z" name="Regression" finished-at="2020-05-13T03:45:42Z" duration-ms="80611">
      <class name="test.LoginTest">
        <test-method is-config="true" signature="beforeMethod()[pri:0, instance:test.LoginTest@25084a1e]" started-at="2020-05-13T10:44:22Z" name="beforeMethod" finished-at="2020-05-13T10:44:45Z" duration-ms="22883" status="PASS">
          <reporter-output>
          </reporter-output>
        </test-method> <!-- beforeMethod -->
        <test-method signature="testLogin(java.lang.String, java.lang.String)[pri:0, instance:test.LoginTest@25084a1e]" started-at="2020-05-13T10:44:45Z" name="testLogin" data-provider="dataSet" finished-at="2020-05-13T10:44:52Z" duration-ms="6961" status="PASS">
          <params>
            <param index="0">
              <value>
                <![CDATA[pop2020@test.com]]>
              </value>
            </param>
            <param index="1">
              <value>
                <![CDATA[123456]]>
              </value>
            </param>
          </params>
          <reporter-output>
          </reporter-output>
        </test-method> <!-- testLogin -->
        <test-method is-config="true" signature="afterMethod()[pri:0, instance:test.LoginTest@25084a1e]" started-at="2020-05-13T10:44:52Z" name="afterMethod" finished-at="2020-05-13T10:44:52Z" duration-ms="271" status="PASS">
          <reporter-output>
          </reporter-output>
        </test-method> <!-- afterMethod -->
        <test-method is-config="true" signature="beforeMethod()[pri:0, instance:test.LoginTest@25084a1e]" started-at="2020-05-13T10:44:52Z" name="beforeMethod" finished-at="2020-05-13T10:45:11Z" duration-ms="19028" status="PASS">
          <reporter-output>
          </reporter-output>
        </test-method> <!-- beforeMethod -->
        <test-method signature="testLogin(java.lang.String, java.lang.String)[pri:0, instance:test.LoginTest@25084a1e]" started-at="2020-05-13T10:45:11Z" name="testLogin" data-provider="dataSet" finished-at="2020-05-13T10:45:18Z" duration-ms="6807" status="PASS">
          <params>
            <param index="0">
              <value>
                <![CDATA[thuy140583@gmail.com]]>
              </value>
            </param>
            <param index="1">
              <value>
                <![CDATA[Thuyvy12]]>
              </value>
            </param>
          </params>
          <reporter-output>
          </reporter-output>
        </test-method> <!-- testLogin -->
        <test-method is-config="true" signature="afterMethod()[pri:0, instance:test.LoginTest@25084a1e]" started-at="2020-05-13T10:45:18Z" name="afterMethod" finished-at="2020-05-13T10:45:18Z" duration-ms="133" status="PASS">
          <reporter-output>
          </reporter-output>
        </test-method> <!-- afterMethod -->
        <test-method is-config="true" signature="beforeMethod()[pri:0, instance:test.LoginTest@25084a1e]" started-at="2020-05-13T10:45:18Z" name="beforeMethod" finished-at="2020-05-13T10:45:35Z" duration-ms="16999" status="PASS">
          <reporter-output>
          </reporter-output>
        </test-method> <!-- beforeMethod -->
        <test-method signature="testLogin(java.lang.String, java.lang.String)[pri:0, instance:test.LoginTest@25084a1e]" started-at="2020-05-13T10:45:35Z" name="testLogin" data-provider="dataSet" finished-at="2020-05-13T10:45:42Z" duration-ms="7382" status="PASS">
          <params>
            <param index="0">
              <value>
                <![CDATA[datadriven@test.com]]>
              </value>
            </param>
            <param index="1">
              <value>
                <![CDATA[123456]]>
              </value>
            </param>
          </params>
          <reporter-output>
          </reporter-output>
        </test-method> <!-- testLogin -->
        <test-method is-config="true" signature="afterMethod()[pri:0, instance:test.LoginTest@25084a1e]" started-at="2020-05-13T10:45:42Z" name="afterMethod" finished-at="2020-05-13T10:45:42Z" duration-ms="114" status="PASS">
          <reporter-output>
          </reporter-output>
        </test-method> <!-- afterMethod -->
      </class> <!-- test.LoginTest -->
      <class name="testng.NewTest">
        <test-method signature="tc05()[pri:1, instance:testng.NewTest@156b88f5]" started-at="2020-05-13T10:45:42Z" name="tc05" finished-at="2020-05-13T10:45:42Z" duration-ms="1" status="PASS">
          <reporter-output>
          </reporter-output>
        </test-method> <!-- tc05 -->
        <test-method signature="tc04()[pri:2, instance:testng.NewTest@156b88f5]" started-at="2020-05-13T10:45:42Z" name="tc04" finished-at="2020-05-13T10:45:42Z" duration-ms="0" status="FAIL">
          <exception class="java.lang.AssertionError">
            <message>
              <![CDATA[testcase fail]]>
            </message>
            <full-stacktrace>
              <![CDATA[java.lang.AssertionError: testcase fail
	at testng.NewTest.tc04(NewTest.java:27)
	at java.base/jdk.internal.reflect.NativeMethodAccessorImpl.invoke0(Native Method)
	at java.base/jdk.internal.reflect.NativeMethodAccessorImpl.invoke(NativeMethodAccessorImpl.java:62)
	at java.base/jdk.internal.reflect.DelegatingMethodAccessorImpl.invoke(DelegatingMethodAccessorImpl.java:43)
	at java.base/java.lang.reflect.Method.invoke(Method.java:567)
	at org.testng.internal.MethodInvocationHelper.invokeMethod(MethodInvocationHelper.java:104)
	at org.testng.internal.Invoker.invokeMethod(Invoker.java:645)
	at org.testng.internal.Invoker.invokeTestMethod(Invoker.java:851)
	at org.testng.internal.Invoker.invokeTestMethods(Invoker.java:1177)
	at org.testng.internal.TestMethodWorker.invokeTestMethods(TestMethodWorker.java:129)
	at org.testng.internal.TestMethodWorker.run(TestMethodWorker.java:112)
	at org.testng.TestRunner.privateRun(TestRunner.java:756)
	at org.testng.TestRunner.run(TestRunner.java:610)
	at org.testng.SuiteRunner.runTest(SuiteRunner.java:387)
	at org.testng.SuiteRunner.runSequentially(SuiteRunner.java:382)
	at org.testng.SuiteRunner.privateRun(SuiteRunner.java:340)
	at org.testng.SuiteRunner.run(SuiteRunner.java:289)
	at org.testng.SuiteRunnerWorker.runSuite(SuiteRunnerWorker.java:52)
	at org.testng.SuiteRunnerWorker.run(SuiteRunnerWorker.java:86)
	at org.testng.TestNG.runSuitesSequentially(TestNG.java:1293)
	at org.testng.TestNG.runSuitesLocally(TestNG.java:1218)
	at org.testng.TestNG.runSuites(TestNG.java:1133)
	at org.testng.TestNG.run(TestNG.java:1104)
	at org.apache.maven.surefire.testng.TestNGExecutor.run(TestNGExecutor.java:283)
	at org.apache.maven.surefire.testng.TestNGXmlTestSuite.execute(TestNGXmlTestSuite.java:75)
	at org.apache.maven.surefire.testng.TestNGProvider.invoke(TestNGProvider.java:120)
	at org.apache.maven.surefire.booter.ForkedBooter.runSuitesInProcess(ForkedBooter.java:377)
	at org.apache.maven.surefire.booter.ForkedBooter.execute(ForkedBooter.java:138)
	at org.apache.maven.surefire.booter.ForkedBooter.run(ForkedBooter.java:465)
	at org.apache.maven.surefire.booter.ForkedBooter.main(ForkedBooter.java:451)
]]>
            </full-stacktrace>
          </exception> <!-- java.lang.AssertionError -->
          <reporter-output>
          </reporter-output>
        </test-method> <!-- tc04 -->
        <test-method signature="tc03()[pri:3, instance:testng.NewTest@156b88f5]" started-at="2020-05-13T10:45:42Z" name="tc03" finished-at="2020-05-13T10:45:42Z" duration-ms="1" status="PASS">
          <reporter-output>
          </reporter-output>
        </test-method> <!-- tc03 -->
        <test-method signature="tc02()[pri:4, instance:testng.NewTest@156b88f5]" started-at="2020-05-13T10:45:42Z" name="tc02" finished-at="2020-05-13T10:45:42Z" duration-ms="0" status="PASS">
          <reporter-output>
          </reporter-output>
        </test-method> <!-- tc02 -->
        <test-method signature="tc01()[pri:5, instance:testng.NewTest@156b88f5]" started-at="2020-05-13T10:45:42Z" name="tc01" finished-at="2020-05-13T10:45:42Z" duration-ms="0" status="PASS">
          <reporter-output>
          </reporter-output>
        </test-method> <!-- tc01 -->
      </class> <!-- testng.NewTest -->
    </test> <!-- Regression -->
  </suite> <!-- Suite1 -->
</testng-results>
